INFO 2025-10-26 08:53:28,471 views ๐ ุฏุฑุฎูุงุณุช ุจุฑุฑุณ ุงุชุตุงู ุฏุฑุงูุช ุดุฏ
INFO 2025-10-26 08:53:28,472 views ๐ ุขุฏุฑุณ IP ูุฑูุงู ุดุฏู: 192.168.1.157
INFO 2025-10-26 08:53:28,473 views ๐ ุชุณุช ุงุชุตุงู ุจู 192.168.1.157:1362
INFO 2025-10-26 08:53:28,473 pos_protocols ๐งช ุชุณุช ุงุชุตุงู ุจู 192.168.1.157:1362
INFO 2025-10-26 08:53:28,495 pos_protocols โ ุชุณุช ุงุชุตุงู ูููู ุฏุฑ 0.02 ุซุงูู
INFO 2025-10-26 08:53:28,495 views โ ุงุชุตุงู ูููู
INFO 2025-10-26 08:53:50,657 views ๐ธ ุฏุฑุฎูุงุณุช ุงุฑุณุงู ุชุฑุงฺฉูุด ุฏุฑุงูุช ุดุฏ
INFO 2025-10-26 08:53:50,658 views ๐ ุขุฏุฑุณ IP ูุฑูุงู ุดุฏู: 192.168.1.157
INFO 2025-10-26 08:53:50,658 views ๐จ ุณุงุฎุช ูพุงู ุชุฑุงฺฉูุด ุจุฑุง ูุจูุบ 1000
INFO 2025-10-26 08:53:50,658 pos_protocols ๐จ ุดุฑูุน ุณุงุฎุช ูพุงู ุฏุฑุฎูุงุณุช ุฎุฑุฏ
INFO 2025-10-26 08:53:50,658 pos_protocols ๐ ูพุงุฑุงูุชุฑูุง: amount=1000, currency=364, pr_code=000000
INFO 2025-10-26 08:53:50,659 pos_protocols ๐ฐ ูุจูุบ ุชุจุฏู ุดุฏู: 000000001000
INFO 2025-10-26 08:53:50,659 pos_protocols ๐ท๏ธ ุชฺฏ RQ: RQ03034
INFO 2025-10-26 08:53:50,659 pos_protocols ๐ท๏ธ ุชฺฏ PR: PR06000000
INFO 2025-10-26 08:53:50,659 pos_protocols ๐ท๏ธ ุชฺฏ AM: AM12000000001000
INFO 2025-10-26 08:53:50,659 pos_protocols ๐ท๏ธ ุชฺฏ CU: CU03364
INFO 2025-10-26 08:53:50,659 pos_protocols ๐ท๏ธ ุชฺฏ PD: PD0211
INFO 2025-10-26 08:53:50,659 pos_protocols ๐ฆ ูพุงู ููุง ุณุงุฎุชู ุดุฏ:
INFO 2025-10-26 08:53:50,659 pos_protocols ๐ ุทูู ฺฉู: 46
INFO 2025-10-26 08:53:50,659 pos_protocols ๐ ูุญุชูุง ูพุงู: 0046RQ03034PR06000000AM12000000001000CU03364PD0211
INFO 2025-10-26 08:53:50,659 pos_protocols ๐ข HEX ูพุงู: 303034365251303330333450523036303030303030414d313230303030303030303130303043553033333634504430323131
INFO 2025-10-26 08:53:50,659 pos_protocols ๐ ูุซุงู ูุณุชูุฏ: 0039RQ034PR006000000AM0042000CU003364PD0011
INFO 2025-10-26 08:53:50,659 pos_protocols โ ุชุทุงุจู ุจุง ูุณุชูุฏ: ุฎุฑ
INFO 2025-10-26 08:53:50,659 views ๐ค ุงุฑุณุงู ุชุฑุงฺฉูุด ุจู 192.168.1.157:1362
INFO 2025-10-26 08:53:50,659 pos_protocols ๐ ุดุฑูุน ุงุฑุชุจุงุท ุจุง ุฏุณุชฺฏุงู ูพูุฒ
INFO 2025-10-26 08:53:50,659 pos_protocols ๐ ุขุฏุฑุณ: 192.168.1.157:1362
INFO 2025-10-26 08:53:50,659 pos_protocols ๐ค ูพุงู ุงุฑุณุงู: 0046RQ03034PR06000000AM12000000001000CU03364PD0211
INFO 2025-10-26 08:53:50,659 pos_protocols ๐ ุฏุฑ ุญุงู ุงุชุตุงู ุจู ุฏุณุชฺฏุงู...
INFO 2025-10-26 08:53:50,660 pos_protocols โ ุงุชุตุงู ูููู ุฏุฑ 0.00 ุซุงูู
INFO 2025-10-26 08:53:50,660 pos_protocols ๐ค ุฏุฑ ุญุงู ุงุฑุณุงู ูพุงู...
INFO 2025-10-26 08:53:50,661 pos_protocols โ ุงุฑุณุงู ูููู: 50 ุจุงุช ุฏุฑ 0.00 ุซุงูู
INFO 2025-10-26 08:53:50,661 pos_protocols ๐ข ูพุงู HEX: 303034365251303330333450523036303030303030414d313230303030303030303130303043553033333634504430323131
INFO 2025-10-26 08:53:50,661 pos_protocols โณ ุฏุฑ ุงูุชุธุงุฑ ูพุงุณุฎ ุฏุณุชฺฏุงู...
INFO 2025-10-26 08:53:52,672 pos_protocols ๐ฅ ุฏุฑุงูุช ูพุงุณุฎ: 0 ุจุงุช ุฏุฑ 0.00 ุซุงูู
INFO 2025-10-26 08:53:52,672 pos_protocols ๐ ูพุงุณุฎ ูุชู: 
INFO 2025-10-26 08:53:52,672 pos_protocols ๐ข ูพุงุณุฎ HEX: 
WARNING 2025-10-26 08:53:52,672 pos_protocols โ๏ธ ูพุงุณุฎ ุฎุงู ุงุฒ ุฏุณุชฺฏุงู
INFO 2025-10-26 08:53:52,672 pos_protocols ๐ ุงุชุตุงู ุจุณุชู ุดุฏ
INFO 2025-10-26 08:53:52,672 views โ ุชุฑุงฺฉูุด ุจุง ููููุช ุงุฑุณุงู ุดุฏ
INFO 2025-10-26 08:54:04,481 views ๐งช ุฏุฑุฎูุงุณุช ุชุณุช ูพุฑูุชฺฉูโูุง ุฏุฑุงูุช ุดุฏ
INFO 2025-10-26 08:54:04,481 views ๐ ุขุฏุฑุณ IP ูุฑูุงู ุดุฏู: 192.168.1.157
INFO 2025-10-26 08:54:04,481 pos_protocols ๐จ ุดุฑูุน ุณุงุฎุช ูพุงู ุฏุฑุฎูุงุณุช ุฎุฑุฏ
INFO 2025-10-26 08:54:04,481 pos_protocols ๐ ูพุงุฑุงูุชุฑูุง: amount=1000, currency=364, pr_code=000000
INFO 2025-10-26 08:54:04,481 pos_protocols ๐ฐ ูุจูุบ ุชุจุฏู ุดุฏู: 000000001000
INFO 2025-10-26 08:54:04,481 pos_protocols ๐ท๏ธ ุชฺฏ RQ: RQ03034
INFO 2025-10-26 08:54:04,481 pos_protocols ๐ท๏ธ ุชฺฏ PR: PR06000000
INFO 2025-10-26 08:54:04,481 pos_protocols ๐ท๏ธ ุชฺฏ AM: AM12000000001000
INFO 2025-10-26 08:54:04,481 pos_protocols ๐ท๏ธ ุชฺฏ CU: CU03364
INFO 2025-10-26 08:54:04,481 pos_protocols ๐ท๏ธ ุชฺฏ PD: PD0211
INFO 2025-10-26 08:54:04,481 pos_protocols ๐ฆ ูพุงู ููุง ุณุงุฎุชู ุดุฏ:
INFO 2025-10-26 08:54:04,481 pos_protocols ๐ ุทูู ฺฉู: 46
INFO 2025-10-26 08:54:04,481 pos_protocols ๐ ูุญุชูุง ูพุงู: 0046RQ03034PR06000000AM12000000001000CU03364PD0211
INFO 2025-10-26 08:54:04,482 pos_protocols ๐ข HEX ูพุงู: 303034365251303330333450523036303030303030414d313230303030303030303130303043553033333634504430323131
INFO 2025-10-26 08:54:04,482 pos_protocols ๐ ูุซุงู ูุณุชูุฏ: 0039RQ034PR006000000AM0042000CU003364PD0011
INFO 2025-10-26 08:54:04,482 pos_protocols โ ุชุทุงุจู ุจุง ูุณุชูุฏ: ุฎุฑ
INFO 2025-10-26 08:54:04,482 pos_protocols ๐จ ุดุฑูุน ุณุงุฎุช ูพุงู ุฏุฑุฎูุงุณุช ุฎุฑุฏ
INFO 2025-10-26 08:54:04,482 pos_protocols ๐ ูพุงุฑุงูุชุฑูุง: amount=2000, currency=364, pr_code=000000
INFO 2025-10-26 08:54:04,482 pos_protocols ๐ฐ ูุจูุบ ุชุจุฏู ุดุฏู: 000000002000
INFO 2025-10-26 08:54:04,482 pos_protocols ๐ท๏ธ ุชฺฏ RQ: RQ03034
INFO 2025-10-26 08:54:04,482 pos_protocols ๐ท๏ธ ุชฺฏ PR: PR06000000
INFO 2025-10-26 08:54:04,482 pos_protocols ๐ท๏ธ ุชฺฏ AM: AM12000000002000
INFO 2025-10-26 08:54:04,482 pos_protocols ๐ท๏ธ ุชฺฏ CU: CU03364
INFO 2025-10-26 08:54:04,482 pos_protocols ๐ท๏ธ ุชฺฏ PD: PD0211
INFO 2025-10-26 08:54:04,482 pos_protocols ๐ฆ ูพุงู ููุง ุณุงุฎุชู ุดุฏ:
INFO 2025-10-26 08:54:04,482 pos_protocols ๐ ุทูู ฺฉู: 46
INFO 2025-10-26 08:54:04,482 pos_protocols ๐ ูุญุชูุง ูพุงู: 0046RQ03034PR06000000AM12000000002000CU03364PD0211
INFO 2025-10-26 08:54:04,482 pos_protocols ๐ข HEX ูพุงู: 303034365251303330333450523036303030303030414d313230303030303030303230303043553033333634504430323131
INFO 2025-10-26 08:54:04,482 pos_protocols ๐ ูุซุงู ูุณุชูุฏ: 0039RQ034PR006000000AM0042000CU003364PD0011
INFO 2025-10-26 08:54:04,482 pos_protocols โ ุชุทุงุจู ุจุง ูุณุชูุฏ: ุฎุฑ
INFO 2025-10-26 08:54:04,482 views ๐งช ุชุณุช 1: ูพุงู ุณุงุฏู TEST
INFO 2025-10-26 08:54:04,482 views ๐ ุชูุถุญ: ุชุณุช ุงุชุตุงู ูพุงู
INFO 2025-10-26 08:54:04,482 pos_protocols ๐ ุดุฑูุน ุงุฑุชุจุงุท ุจุง ุฏุณุชฺฏุงู ูพูุฒ
INFO 2025-10-26 08:54:04,482 pos_protocols ๐ ุขุฏุฑุณ: 192.168.1.157:1362
INFO 2025-10-26 08:54:04,482 pos_protocols ๐ค ูพุงู ุงุฑุณุงู: TEST
INFO 2025-10-26 08:54:04,482 pos_protocols ๐ ุฏุฑ ุญุงู ุงุชุตุงู ุจู ุฏุณุชฺฏุงู...
INFO 2025-10-26 08:54:04,501 pos_protocols โ ุงุชุตุงู ูููู ุฏุฑ 0.02 ุซุงูู
INFO 2025-10-26 08:54:04,501 pos_protocols ๐ค ุฏุฑ ุญุงู ุงุฑุณุงู ูพุงู...
INFO 2025-10-26 08:54:04,501 pos_protocols โ ุงุฑุณุงู ูููู: 4 ุจุงุช ุฏุฑ 0.00 ุซุงูู
INFO 2025-10-26 08:54:04,501 pos_protocols ๐ข ูพุงู HEX: 54455354
INFO 2025-10-26 08:54:04,501 pos_protocols โณ ุฏุฑ ุงูุชุธุงุฑ ูพุงุณุฎ ุฏุณุชฺฏุงู...
INFO 2025-10-26 08:54:06,502 pos_protocols ๐ฅ ุฏุฑุงูุช ูพุงุณุฎ: 0 ุจุงุช ุฏุฑ 0.00 ุซุงูู
INFO 2025-10-26 08:54:06,502 pos_protocols ๐ ูพุงุณุฎ ูุชู: 
INFO 2025-10-26 08:54:06,502 pos_protocols ๐ข ูพุงุณุฎ HEX: 
WARNING 2025-10-26 08:54:06,502 pos_protocols โ๏ธ ูพุงุณุฎ ุฎุงู ุงุฒ ุฏุณุชฺฏุงู
INFO 2025-10-26 08:54:06,502 pos_protocols ๐ ุงุชุตุงู ุจุณุชู ุดุฏ
INFO 2025-10-26 08:54:06,502 views โ ุชุณุช 1 ฺฉุงูู ุดุฏ
INFO 2025-10-26 08:54:06,502 views ๐งช ุชุณุช 2: ูพุงู ECHO
INFO 2025-10-26 08:54:06,502 views ๐ ุชูุถุญ: ุชุณุช ูพุงุณุฎฺฏู
INFO 2025-10-26 08:54:06,502 pos_protocols ๐ ุดุฑูุน ุงุฑุชุจุงุท ุจุง ุฏุณุชฺฏุงู ูพูุฒ
INFO 2025-10-26 08:54:06,502 pos_protocols ๐ ุขุฏุฑุณ: 192.168.1.157:1362
INFO 2025-10-26 08:54:06,502 pos_protocols ๐ค ูพุงู ุงุฑุณุงู: ECHO
INFO 2025-10-26 08:54:06,502 pos_protocols ๐ ุฏุฑ ุญุงู ุงุชุตุงู ุจู ุฏุณุชฺฏุงู...
INFO 2025-10-26 08:54:06,518 pos_protocols โ ุงุชุตุงู ูููู ุฏุฑ 0.01 ุซุงูู
INFO 2025-10-26 08:54:06,518 pos_protocols ๐ค ุฏุฑ ุญุงู ุงุฑุณุงู ูพุงู...
INFO 2025-10-26 08:54:06,518 pos_protocols โ ุงุฑุณุงู ูููู: 4 ุจุงุช ุฏุฑ 0.00 ุซุงูู
INFO 2025-10-26 08:54:06,518 pos_protocols ๐ข ูพุงู HEX: 4543484f
INFO 2025-10-26 08:54:06,518 pos_protocols โณ ุฏุฑ ุงูุชุธุงุฑ ูพุงุณุฎ ุฏุณุชฺฏุงู...
INFO 2025-10-26 08:54:08,529 pos_protocols ๐ฅ ุฏุฑุงูุช ูพุงุณุฎ: 0 ุจุงุช ุฏุฑ 0.00 ุซุงูู
INFO 2025-10-26 08:54:08,529 pos_protocols ๐ ูพุงุณุฎ ูุชู: 
INFO 2025-10-26 08:54:08,529 pos_protocols ๐ข ูพุงุณุฎ HEX: 
WARNING 2025-10-26 08:54:08,529 pos_protocols โ๏ธ ูพุงุณุฎ ุฎุงู ุงุฒ ุฏุณุชฺฏุงู
INFO 2025-10-26 08:54:08,529 pos_protocols ๐ ุงุชุตุงู ุจุณุชู ุดุฏ
INFO 2025-10-26 08:54:08,529 views โ ุชุณุช 2 ฺฉุงูู ุดุฏ
INFO 2025-10-26 08:54:08,529 views ๐งช ุชุณุช 3: ูพุงู INIT
INFO 2025-10-26 08:54:08,529 views ๐ ุชูุถุญ: ุชุณุช ููุฏุงุฑุฏู ุงููู
INFO 2025-10-26 08:54:08,529 pos_protocols ๐ ุดุฑูุน ุงุฑุชุจุงุท ุจุง ุฏุณุชฺฏุงู ูพูุฒ
INFO 2025-10-26 08:54:08,529 pos_protocols ๐ ุขุฏุฑุณ: 192.168.1.157:1362
INFO 2025-10-26 08:54:08,530 pos_protocols ๐ค ูพุงู ุงุฑุณุงู: INIT
INFO 2025-10-26 08:54:08,530 pos_protocols ๐ ุฏุฑ ุญุงู ุงุชุตุงู ุจู ุฏุณุชฺฏุงู...
INFO 2025-10-26 08:54:08,545 pos_protocols โ ุงุชุตุงู ูููู ุฏุฑ 0.01 ุซุงูู
INFO 2025-10-26 08:54:08,545 pos_protocols ๐ค ุฏุฑ ุญุงู ุงุฑุณุงู ูพุงู...
INFO 2025-10-26 08:54:08,545 pos_protocols โ ุงุฑุณุงู ูููู: 4 ุจุงุช ุฏุฑ 0.00 ุซุงูู
INFO 2025-10-26 08:54:08,545 pos_protocols ๐ข ูพุงู HEX: 494e4954
INFO 2025-10-26 08:54:08,545 pos_protocols โณ ุฏุฑ ุงูุชุธุงุฑ ูพุงุณุฎ ุฏุณุชฺฏุงู...
INFO 2025-10-26 08:54:10,560 pos_protocols ๐ฅ ุฏุฑุงูุช ูพุงุณุฎ: 0 ุจุงุช ุฏุฑ 0.00 ุซุงูู
INFO 2025-10-26 08:54:10,560 pos_protocols ๐ ูพุงุณุฎ ูุชู: 
INFO 2025-10-26 08:54:10,560 pos_protocols ๐ข ูพุงุณุฎ HEX: 
WARNING 2025-10-26 08:54:10,560 pos_protocols โ๏ธ ูพุงุณุฎ ุฎุงู ุงุฒ ุฏุณุชฺฏุงู
INFO 2025-10-26 08:54:10,560 pos_protocols ๐ ุงุชุตุงู ุจุณุชู ุดุฏ
INFO 2025-10-26 08:54:10,560 views โ ุชุณุช 3 ฺฉุงูู ุดุฏ
INFO 2025-10-26 08:54:10,560 views ๐งช ุชุณุช 4: ูพุงู TLV ุฎุฑุฏ 1000 ุฑุงู
INFO 2025-10-26 08:54:10,560 views ๐ ุชูุถุญ: ุชุฑุงฺฉูุด ุชุณุช 1000 ุฑุงู
INFO 2025-10-26 08:54:10,560 pos_protocols ๐ ุดุฑูุน ุงุฑุชุจุงุท ุจุง ุฏุณุชฺฏุงู ูพูุฒ
INFO 2025-10-26 08:54:10,560 pos_protocols ๐ ุขุฏุฑุณ: 192.168.1.157:1362
INFO 2025-10-26 08:54:10,560 pos_protocols ๐ค ูพุงู ุงุฑุณุงู: 0046RQ03034PR06000000AM12000000001000CU03364PD0211
INFO 2025-10-26 08:54:10,560 pos_protocols ๐ ุฏุฑ ุญุงู ุงุชุตุงู ุจู ุฏุณุชฺฏุงู...
INFO 2025-10-26 08:54:10,561 pos_protocols โ ุงุชุตุงู ูููู ุฏุฑ 0.00 ุซุงูู
INFO 2025-10-26 08:54:10,561 pos_protocols ๐ค ุฏุฑ ุญุงู ุงุฑุณุงู ูพุงู...
INFO 2025-10-26 08:54:10,562 pos_protocols โ ุงุฑุณุงู ูููู: 50 ุจุงุช ุฏุฑ 0.00 ุซุงูู
INFO 2025-10-26 08:54:10,562 pos_protocols ๐ข ูพุงู HEX: 303034365251303330333450523036303030303030414d313230303030303030303130303043553033333634504430323131
INFO 2025-10-26 08:54:10,562 pos_protocols โณ ุฏุฑ ุงูุชุธุงุฑ ูพุงุณุฎ ุฏุณุชฺฏุงู...
INFO 2025-10-26 08:54:12,567 pos_protocols ๐ฅ ุฏุฑุงูุช ูพุงุณุฎ: 0 ุจุงุช ุฏุฑ 0.00 ุซุงูู
INFO 2025-10-26 08:54:12,567 pos_protocols ๐ ูพุงุณุฎ ูุชู: 
INFO 2025-10-26 08:54:12,567 pos_protocols ๐ข ูพุงุณุฎ HEX: 
WARNING 2025-10-26 08:54:12,567 pos_protocols โ๏ธ ูพุงุณุฎ ุฎุงู ุงุฒ ุฏุณุชฺฏุงู
INFO 2025-10-26 08:54:12,567 pos_protocols ๐ ุงุชุตุงู ุจุณุชู ุดุฏ
INFO 2025-10-26 08:54:12,567 views โ ุชุณุช 4 ฺฉุงูู ุดุฏ
INFO 2025-10-26 08:54:12,567 views ๐งช ุชุณุช 5: ูพุงู TLV ุฎุฑุฏ 2000 ุฑุงู
INFO 2025-10-26 08:54:12,567 views ๐ ุชูุถุญ: ุชุฑุงฺฉูุด ุชุณุช 2000 ุฑุงู (ูุทุงุจู ูุณุชูุฏ)
INFO 2025-10-26 08:54:12,567 pos_protocols ๐ ุดุฑูุน ุงุฑุชุจุงุท ุจุง ุฏุณุชฺฏุงู ูพูุฒ
INFO 2025-10-26 08:54:12,568 pos_protocols ๐ ุขุฏุฑุณ: 192.168.1.157:1362
INFO 2025-10-26 08:54:12,568 pos_protocols ๐ค ูพุงู ุงุฑุณุงู: 0046RQ03034PR06000000AM12000000002000CU03364PD0211
INFO 2025-10-26 08:54:12,568 pos_protocols ๐ ุฏุฑ ุญุงู ุงุชุตุงู ุจู ุฏุณุชฺฏุงู...
INFO 2025-10-26 08:54:12,582 pos_protocols โ ุงุชุตุงู ูููู ุฏุฑ 0.01 ุซุงูู
INFO 2025-10-26 08:54:12,582 pos_protocols ๐ค ุฏุฑ ุญุงู ุงุฑุณุงู ูพุงู...
INFO 2025-10-26 08:54:12,582 pos_protocols โ ุงุฑุณุงู ูููู: 50 ุจุงุช ุฏุฑ 0.00 ุซุงูู
INFO 2025-10-26 08:54:12,582 pos_protocols ๐ข ูพุงู HEX: 303034365251303330333450523036303030303030414d313230303030303030303230303043553033333634504430323131
INFO 2025-10-26 08:54:12,583 pos_protocols โณ ุฏุฑ ุงูุชุธุงุฑ ูพุงุณุฎ ุฏุณุชฺฏุงู...
INFO 2025-10-26 08:54:14,587 pos_protocols ๐ฅ ุฏุฑุงูุช ูพุงุณุฎ: 0 ุจุงุช ุฏุฑ 0.00 ุซุงูู
INFO 2025-10-26 08:54:14,587 pos_protocols ๐ ูพุงุณุฎ ูุชู: 
INFO 2025-10-26 08:54:14,587 pos_protocols ๐ข ูพุงุณุฎ HEX: 
WARNING 2025-10-26 08:54:14,587 pos_protocols โ๏ธ ูพุงุณุฎ ุฎุงู ุงุฒ ุฏุณุชฺฏุงู
INFO 2025-10-26 08:54:14,587 pos_protocols ๐ ุงุชุตุงู ุจุณุชู ุดุฏ
INFO 2025-10-26 08:54:14,587 views โ ุชุณุช 5 ฺฉุงูู ุดุฏ
INFO 2025-10-26 08:54:14,587 views ๐ฏ ุชูุงู ุชุณุชโูุง ฺฉุงูู ุดุฏ
INFO 2025-10-26 08:54:26,369 views ๐ง ุฏุฑุฎูุงุณุช ุชุณุช API ุฏุฑุงูุช ุดุฏ
INFO 2025-10-26 08:56:07,793 views ๐ธ ุฏุฑุฎูุงุณุช ุงุฑุณุงู ุชุฑุงฺฉูุด ุฏุฑุงูุช ุดุฏ
INFO 2025-10-26 08:56:07,793 views ๐ ุขุฏุฑุณ IP ูุฑูุงู ุดุฏู: 192.168.1.157
INFO 2025-10-26 08:56:07,793 views ๐จ ุณุงุฎุช ูพุงู ุชุฑุงฺฉูุด ุจุฑุง ูุจูุบ 1000
INFO 2025-10-26 08:56:07,793 pos_protocols ๐จ ุดุฑูุน ุณุงุฎุช ูพุงู ุฏุฑุฎูุงุณุช ุฎุฑุฏ
INFO 2025-10-26 08:56:07,793 pos_protocols ๐ ูพุงุฑุงูุชุฑูุง: amount=1000, currency=364, pr_code=000000
INFO 2025-10-26 08:56:07,793 pos_protocols ๐ฐ ูุจูุบ ุชุจุฏู ุดุฏู: 000000001000
INFO 2025-10-26 08:56:07,793 pos_protocols ๐ท๏ธ ุชฺฏ RQ: RQ03034
INFO 2025-10-26 08:56:07,793 pos_protocols ๐ท๏ธ ุชฺฏ PR: PR06000000
INFO 2025-10-26 08:56:07,793 pos_protocols ๐ท๏ธ ุชฺฏ AM: AM12000000001000
INFO 2025-10-26 08:56:07,793 pos_protocols ๐ท๏ธ ุชฺฏ CU: CU03364
INFO 2025-10-26 08:56:07,793 pos_protocols ๐ท๏ธ ุชฺฏ PD: PD0211
INFO 2025-10-26 08:56:07,793 pos_protocols ๐ฆ ูพุงู ููุง ุณุงุฎุชู ุดุฏ:
INFO 2025-10-26 08:56:07,793 pos_protocols ๐ ุทูู ฺฉู: 46
INFO 2025-10-26 08:56:07,793 pos_protocols ๐ ูุญุชูุง ูพุงู: 0046RQ03034PR06000000AM12000000001000CU03364PD0211
INFO 2025-10-26 08:56:07,793 pos_protocols ๐ข HEX ูพุงู: 303034365251303330333450523036303030303030414d313230303030303030303130303043553033333634504430323131
INFO 2025-10-26 08:56:07,793 pos_protocols ๐ ูุซุงู ูุณุชูุฏ: 0039RQ034PR006000000AM0042000CU003364PD0011
INFO 2025-10-26 08:56:07,793 pos_protocols โ ุชุทุงุจู ุจุง ูุณุชูุฏ: ุฎุฑ
INFO 2025-10-26 08:56:07,793 views ๐ค ุงุฑุณุงู ุชุฑุงฺฉูุด ุจู 192.168.1.157:1362
INFO 2025-10-26 08:56:07,793 pos_protocols ๐ ุดุฑูุน ุงุฑุชุจุงุท ุจุง ุฏุณุชฺฏุงู ูพูุฒ
INFO 2025-10-26 08:56:07,793 pos_protocols ๐ ุขุฏุฑุณ: 192.168.1.157:1362
INFO 2025-10-26 08:56:07,793 pos_protocols ๐ค ูพุงู ุงุฑุณุงู: 0046RQ03034PR06000000AM12000000001000CU03364PD0211
INFO 2025-10-26 08:56:07,793 pos_protocols ๐ ุฏุฑ ุญุงู ุงุชุตุงู ุจู ุฏุณุชฺฏุงู...
INFO 2025-10-26 08:56:07,808 pos_protocols โ ุงุชุตุงู ูููู ุฏุฑ 0.02 ุซุงูู
INFO 2025-10-26 08:56:07,808 pos_protocols ๐ค ุฏุฑ ุญุงู ุงุฑุณุงู ูพุงู...
INFO 2025-10-26 08:56:07,808 pos_protocols โ ุงุฑุณุงู ูููู: 50 ุจุงุช ุฏุฑ 0.00 ุซุงูู
INFO 2025-10-26 08:56:07,808 pos_protocols ๐ข ูพุงู HEX: 303034365251303330333450523036303030303030414d313230303030303030303130303043553033333634504430323131
INFO 2025-10-26 08:56:07,808 pos_protocols โณ ุฏุฑ ุงูุชุธุงุฑ ูพุงุณุฎ ุฏุณุชฺฏุงู...
INFO 2025-10-26 08:56:09,825 pos_protocols ๐ฅ ุฏุฑุงูุช ูพุงุณุฎ: 0 ุจุงุช ุฏุฑ 0.00 ุซุงูู
INFO 2025-10-26 08:56:09,825 pos_protocols ๐ ูพุงุณุฎ ูุชู: 
INFO 2025-10-26 08:56:09,825 pos_protocols ๐ข ูพุงุณุฎ HEX: 
WARNING 2025-10-26 08:56:09,825 pos_protocols โ๏ธ ูพุงุณุฎ ุฎุงู ุงุฒ ุฏุณุชฺฏุงู
INFO 2025-10-26 08:56:09,825 pos_protocols ๐ ุงุชุตุงู ุจุณุชู ุดุฏ
INFO 2025-10-26 08:56:09,825 views โ ุชุฑุงฺฉูุด ุจุง ููููุช ุงุฑุณุงู ุดุฏ
INFO 2025-10-26 08:58:52,970 views ๐งช ุฏุฑุฎูุงุณุช ุชุณุช ูพุฑูุชฺฉูโูุง ุฏุฑุงูุช ุดุฏ
INFO 2025-10-26 08:58:52,970 views ๐ ุขุฏุฑุณ IP ูุฑูุงู ุดุฏู: 192.168.1.157
INFO 2025-10-26 08:58:52,970 pos_protocols ๐จ ุดุฑูุน ุณุงุฎุช ูพุงู ุฏุฑุฎูุงุณุช ุฎุฑุฏ
INFO 2025-10-26 08:58:52,970 pos_protocols ๐ ูพุงุฑุงูุชุฑูุง: amount=1000, currency=364, pr_code=000000
INFO 2025-10-26 08:58:52,970 pos_protocols ๐ฐ ูุจูุบ ุชุจุฏู ุดุฏู: 000000001000
INFO 2025-10-26 08:58:52,970 pos_protocols ๐ท๏ธ ุชฺฏ RQ: RQ03034
INFO 2025-10-26 08:58:52,970 pos_protocols ๐ท๏ธ ุชฺฏ PR: PR06000000
INFO 2025-10-26 08:58:52,970 pos_protocols ๐ท๏ธ ุชฺฏ AM: AM12000000001000
INFO 2025-10-26 08:58:52,970 pos_protocols ๐ท๏ธ ุชฺฏ CU: CU03364
INFO 2025-10-26 08:58:52,970 pos_protocols ๐ท๏ธ ุชฺฏ PD: PD0211
INFO 2025-10-26 08:58:52,970 pos_protocols ๐ฆ ูพุงู ููุง ุณุงุฎุชู ุดุฏ:
INFO 2025-10-26 08:58:52,970 pos_protocols ๐ ุทูู ฺฉู: 46
INFO 2025-10-26 08:58:52,970 pos_protocols ๐ ูุญุชูุง ูพุงู: 0046RQ03034PR06000000AM12000000001000CU03364PD0211
INFO 2025-10-26 08:58:52,970 pos_protocols ๐ข HEX ูพุงู: 303034365251303330333450523036303030303030414d313230303030303030303130303043553033333634504430323131
INFO 2025-10-26 08:58:52,970 pos_protocols ๐ ูุซุงู ูุณุชูุฏ: 0039RQ034PR006000000AM0042000CU003364PD0011
INFO 2025-10-26 08:58:52,970 pos_protocols โ ุชุทุงุจู ุจุง ูุณุชูุฏ: ุฎุฑ
INFO 2025-10-26 08:58:52,970 pos_protocols ๐จ ุดุฑูุน ุณุงุฎุช ูพุงู ุฏุฑุฎูุงุณุช ุฎุฑุฏ
INFO 2025-10-26 08:58:52,970 pos_protocols ๐ ูพุงุฑุงูุชุฑูุง: amount=2000, currency=364, pr_code=000000
INFO 2025-10-26 08:58:52,970 pos_protocols ๐ฐ ูุจูุบ ุชุจุฏู ุดุฏู: 000000002000
INFO 2025-10-26 08:58:52,970 pos_protocols ๐ท๏ธ ุชฺฏ RQ: RQ03034
INFO 2025-10-26 08:58:52,970 pos_protocols ๐ท๏ธ ุชฺฏ PR: PR06000000
INFO 2025-10-26 08:58:52,970 pos_protocols ๐ท๏ธ ุชฺฏ AM: AM12000000002000
INFO 2025-10-26 08:58:52,970 pos_protocols ๐ท๏ธ ุชฺฏ CU: CU03364
INFO 2025-10-26 08:58:52,970 pos_protocols ๐ท๏ธ ุชฺฏ PD: PD0211
INFO 2025-10-26 08:58:52,970 pos_protocols ๐ฆ ูพุงู ููุง ุณุงุฎุชู ุดุฏ:
INFO 2025-10-26 08:58:52,970 pos_protocols ๐ ุทูู ฺฉู: 46
INFO 2025-10-26 08:58:52,970 pos_protocols ๐ ูุญุชูุง ูพุงู: 0046RQ03034PR06000000AM12000000002000CU03364PD0211
INFO 2025-10-26 08:58:52,970 pos_protocols ๐ข HEX ูพุงู: 303034365251303330333450523036303030303030414d313230303030303030303230303043553033333634504430323131
INFO 2025-10-26 08:58:52,970 pos_protocols ๐ ูุซุงู ูุณุชูุฏ: 0039RQ034PR006000000AM0042000CU003364PD0011
INFO 2025-10-26 08:58:52,970 pos_protocols โ ุชุทุงุจู ุจุง ูุณุชูุฏ: ุฎุฑ
INFO 2025-10-26 08:58:52,970 views ๐งช ุชุณุช 1: ูพุงู ุณุงุฏู TEST
INFO 2025-10-26 08:58:52,970 views ๐ ุชูุถุญ: ุชุณุช ุงุชุตุงู ูพุงู
INFO 2025-10-26 08:58:52,970 pos_protocols ๐ ุดุฑูุน ุงุฑุชุจุงุท ุจุง ุฏุณุชฺฏุงู ูพูุฒ
INFO 2025-10-26 08:58:52,970 pos_protocols ๐ ุขุฏุฑุณ: 192.168.1.157:1362
INFO 2025-10-26 08:58:52,986 pos_protocols ๐ค ูพุงู ุงุฑุณุงู: TEST
INFO 2025-10-26 08:58:52,986 pos_protocols ๐ ุฏุฑ ุญุงู ุงุชุตุงู ุจู ุฏุณุชฺฏุงู...
INFO 2025-10-26 08:58:52,986 pos_protocols โ ุงุชุตุงู ูููู ุฏุฑ 0.00 ุซุงูู
INFO 2025-10-26 08:58:52,986 pos_protocols ๐ค ุฏุฑ ุญุงู ุงุฑุณุงู ูพุงู...
INFO 2025-10-26 08:58:52,986 pos_protocols โ ุงุฑุณุงู ูููู: 4 ุจุงุช ุฏุฑ 0.00 ุซุงูู
INFO 2025-10-26 08:58:52,986 pos_protocols ๐ข ูพุงู HEX: 54455354
INFO 2025-10-26 08:58:52,986 pos_protocols โณ ุฏุฑ ุงูุชุธุงุฑ ูพุงุณุฎ ุฏุณุชฺฏุงู...
INFO 2025-10-26 08:58:55,002 pos_protocols ๐ฅ ุฏุฑุงูุช ูพุงุณุฎ: 0 ุจุงุช ุฏุฑ 0.00 ุซุงูู
INFO 2025-10-26 08:58:55,002 pos_protocols ๐ ูพุงุณุฎ ูุชู: 
INFO 2025-10-26 08:58:55,002 pos_protocols ๐ข ูพุงุณุฎ HEX: 
WARNING 2025-10-26 08:58:55,002 pos_protocols โ๏ธ ูพุงุณุฎ ุฎุงู ุงุฒ ุฏุณุชฺฏุงู
INFO 2025-10-26 08:58:55,002 pos_protocols ๐ ุงุชุตุงู ุจุณุชู ุดุฏ
INFO 2025-10-26 08:58:55,002 views โ ุชุณุช 1 ฺฉุงูู ุดุฏ
INFO 2025-10-26 08:58:55,002 views ๐งช ุชุณุช 2: ูพุงู ECHO
INFO 2025-10-26 08:58:55,002 views ๐ ุชูุถุญ: ุชุณุช ูพุงุณุฎฺฏู
INFO 2025-10-26 08:58:55,002 pos_protocols ๐ ุดุฑูุน ุงุฑุชุจุงุท ุจุง ุฏุณุชฺฏุงู ูพูุฒ
INFO 2025-10-26 08:58:55,002 pos_protocols ๐ ุขุฏุฑุณ: 192.168.1.157:1362
INFO 2025-10-26 08:58:55,002 pos_protocols ๐ค ูพุงู ุงุฑุณุงู: ECHO
INFO 2025-10-26 08:58:55,002 pos_protocols ๐ ุฏุฑ ุญุงู ุงุชุตุงู ุจู ุฏุณุชฺฏุงู...
INFO 2025-10-26 08:58:55,018 pos_protocols โ ุงุชุตุงู ูููู ุฏุฑ 0.02 ุซุงูู
INFO 2025-10-26 08:58:55,018 pos_protocols ๐ค ุฏุฑ ุญุงู ุงุฑุณุงู ูพุงู...
INFO 2025-10-26 08:58:55,018 pos_protocols โ ุงุฑุณุงู ูููู: 4 ุจุงุช ุฏุฑ 0.00 ุซุงูู
INFO 2025-10-26 08:58:55,018 pos_protocols ๐ข ูพุงู HEX: 4543484f
INFO 2025-10-26 08:58:55,018 pos_protocols โณ ุฏุฑ ุงูุชุธุงุฑ ูพุงุณุฎ ุฏุณุชฺฏุงู...
INFO 2025-10-26 08:58:57,032 pos_protocols ๐ฅ ุฏุฑุงูุช ูพุงุณุฎ: 0 ุจุงุช ุฏุฑ 0.00 ุซุงูู
INFO 2025-10-26 08:58:57,032 pos_protocols ๐ ูพุงุณุฎ ูุชู: 
INFO 2025-10-26 08:58:57,032 pos_protocols ๐ข ูพุงุณุฎ HEX: 
WARNING 2025-10-26 08:58:57,032 pos_protocols โ๏ธ ูพุงุณุฎ ุฎุงู ุงุฒ ุฏุณุชฺฏุงู
INFO 2025-10-26 08:58:57,032 pos_protocols ๐ ุงุชุตุงู ุจุณุชู ุดุฏ
INFO 2025-10-26 08:58:57,032 views โ ุชุณุช 2 ฺฉุงูู ุดุฏ
INFO 2025-10-26 08:58:57,032 views ๐งช ุชุณุช 3: ูพุงู INIT
INFO 2025-10-26 08:58:57,032 views ๐ ุชูุถุญ: ุชุณุช ููุฏุงุฑุฏู ุงููู
INFO 2025-10-26 08:58:57,032 pos_protocols ๐ ุดุฑูุน ุงุฑุชุจุงุท ุจุง ุฏุณุชฺฏุงู ูพูุฒ
INFO 2025-10-26 08:58:57,032 pos_protocols ๐ ุขุฏุฑุณ: 192.168.1.157:1362
INFO 2025-10-26 08:58:57,032 pos_protocols ๐ค ูพุงู ุงุฑุณุงู: INIT
INFO 2025-10-26 08:58:57,032 pos_protocols ๐ ุฏุฑ ุญุงู ุงุชุตุงู ุจู ุฏุณุชฺฏุงู...
INFO 2025-10-26 08:58:57,048 pos_protocols โ ุงุชุตุงู ูููู ุฏุฑ 0.02 ุซุงูู
INFO 2025-10-26 08:58:57,048 pos_protocols ๐ค ุฏุฑ ุญุงู ุงุฑุณุงู ูพุงู...
INFO 2025-10-26 08:58:57,048 pos_protocols โ ุงุฑุณุงู ูููู: 4 ุจุงุช ุฏุฑ 0.00 ุซุงูู
INFO 2025-10-26 08:58:57,048 pos_protocols ๐ข ูพุงู HEX: 494e4954
INFO 2025-10-26 08:58:57,048 pos_protocols โณ ุฏุฑ ุงูุชุธุงุฑ ูพุงุณุฎ ุฏุณุชฺฏุงู...
INFO 2025-10-26 08:58:59,049 pos_protocols ๐ฅ ุฏุฑุงูุช ูพุงุณุฎ: 0 ุจุงุช ุฏุฑ 0.00 ุซุงูู
INFO 2025-10-26 08:58:59,049 pos_protocols ๐ ูพุงุณุฎ ูุชู: 
INFO 2025-10-26 08:58:59,049 pos_protocols ๐ข ูพุงุณุฎ HEX: 
WARNING 2025-10-26 08:58:59,049 pos_protocols โ๏ธ ูพุงุณุฎ ุฎุงู ุงุฒ ุฏุณุชฺฏุงู
INFO 2025-10-26 08:58:59,049 pos_protocols ๐ ุงุชุตุงู ุจุณุชู ุดุฏ
INFO 2025-10-26 08:58:59,049 views โ ุชุณุช 3 ฺฉุงูู ุดุฏ
INFO 2025-10-26 08:58:59,049 views ๐งช ุชุณุช 4: ูพุงู TLV ุฎุฑุฏ 1000 ุฑุงู
INFO 2025-10-26 08:58:59,049 views ๐ ุชูุถุญ: ุชุฑุงฺฉูุด ุชุณุช 1000 ุฑุงู
INFO 2025-10-26 08:58:59,049 pos_protocols ๐ ุดุฑูุน ุงุฑุชุจุงุท ุจุง ุฏุณุชฺฏุงู ูพูุฒ
INFO 2025-10-26 08:58:59,049 pos_protocols ๐ ุขุฏุฑุณ: 192.168.1.157:1362
INFO 2025-10-26 08:58:59,049 pos_protocols ๐ค ูพุงู ุงุฑุณุงู: 0046RQ03034PR06000000AM12000000001000CU03364PD0211
INFO 2025-10-26 08:58:59,049 pos_protocols ๐ ุฏุฑ ุญุงู ุงุชุตุงู ุจู ุฏุณุชฺฏุงู...
INFO 2025-10-26 08:58:59,065 pos_protocols โ ุงุชุตุงู ูููู ุฏุฑ 0.02 ุซุงูู
INFO 2025-10-26 08:58:59,065 pos_protocols ๐ค ุฏุฑ ุญุงู ุงุฑุณุงู ูพุงู...
INFO 2025-10-26 08:58:59,065 pos_protocols โ ุงุฑุณุงู ูููู: 50 ุจุงุช ุฏุฑ 0.00 ุซุงูู
INFO 2025-10-26 08:58:59,065 pos_protocols ๐ข ูพุงู HEX: 303034365251303330333450523036303030303030414d313230303030303030303130303043553033333634504430323131
INFO 2025-10-26 08:58:59,065 pos_protocols โณ ุฏุฑ ุงูุชุธุงุฑ ูพุงุณุฎ ุฏุณุชฺฏุงู...
INFO 2025-10-26 08:59:01,073 pos_protocols ๐ฅ ุฏุฑุงูุช ูพุงุณุฎ: 0 ุจุงุช ุฏุฑ 0.00 ุซุงูู
INFO 2025-10-26 08:59:01,073 pos_protocols ๐ ูพุงุณุฎ ูุชู: 
INFO 2025-10-26 08:59:01,073 pos_protocols ๐ข ูพุงุณุฎ HEX: 
WARNING 2025-10-26 08:59:01,073 pos_protocols โ๏ธ ูพุงุณุฎ ุฎุงู ุงุฒ ุฏุณุชฺฏุงู
INFO 2025-10-26 08:59:01,073 pos_protocols ๐ ุงุชุตุงู ุจุณุชู ุดุฏ
INFO 2025-10-26 08:59:01,073 views โ ุชุณุช 4 ฺฉุงูู ุดุฏ
INFO 2025-10-26 08:59:01,073 views ๐งช ุชุณุช 5: ูพุงู TLV ุฎุฑุฏ 2000 ุฑุงู
INFO 2025-10-26 08:59:01,073 views ๐ ุชูุถุญ: ุชุฑุงฺฉูุด ุชุณุช 2000 ุฑุงู (ูุทุงุจู ูุณุชูุฏ)
INFO 2025-10-26 08:59:01,073 pos_protocols ๐ ุดุฑูุน ุงุฑุชุจุงุท ุจุง ุฏุณุชฺฏุงู ูพูุฒ
INFO 2025-10-26 08:59:01,073 pos_protocols ๐ ุขุฏุฑุณ: 192.168.1.157:1362
INFO 2025-10-26 08:59:01,073 pos_protocols ๐ค ูพุงู ุงุฑุณุงู: 0046RQ03034PR06000000AM12000000002000CU03364PD0211
INFO 2025-10-26 08:59:01,073 pos_protocols ๐ ุฏุฑ ุญุงู ุงุชุตุงู ุจู ุฏุณุชฺฏุงู...
INFO 2025-10-26 08:59:01,089 pos_protocols โ ุงุชุตุงู ูููู ุฏุฑ 0.02 ุซุงูู
INFO 2025-10-26 08:59:01,089 pos_protocols ๐ค ุฏุฑ ุญุงู ุงุฑุณุงู ูพุงู...
INFO 2025-10-26 08:59:01,089 pos_protocols โ ุงุฑุณุงู ูููู: 50 ุจุงุช ุฏุฑ 0.00 ุซุงูู
INFO 2025-10-26 08:59:01,089 pos_protocols ๐ข ูพุงู HEX: 303034365251303330333450523036303030303030414d313230303030303030303230303043553033333634504430323131
INFO 2025-10-26 08:59:01,089 pos_protocols โณ ุฏุฑ ุงูุชุธุงุฑ ูพุงุณุฎ ุฏุณุชฺฏุงู...
INFO 2025-10-26 08:59:03,092 pos_protocols ๐ฅ ุฏุฑุงูุช ูพุงุณุฎ: 0 ุจุงุช ุฏุฑ 0.00 ุซุงูู
INFO 2025-10-26 08:59:03,092 pos_protocols ๐ ูพุงุณุฎ ูุชู: 
INFO 2025-10-26 08:59:03,092 pos_protocols ๐ข ูพุงุณุฎ HEX: 
WARNING 2025-10-26 08:59:03,092 pos_protocols โ๏ธ ูพุงุณุฎ ุฎุงู ุงุฒ ุฏุณุชฺฏุงู
INFO 2025-10-26 08:59:03,092 pos_protocols ๐ ุงุชุตุงู ุจุณุชู ุดุฏ
INFO 2025-10-26 08:59:03,092 views โ ุชุณุช 5 ฺฉุงูู ุดุฏ
INFO 2025-10-26 08:59:03,092 views ๐ฏ ุชูุงู ุชุณุชโูุง ฺฉุงูู ุดุฏ
INFO 2025-10-26 08:59:58,450 views ๐ง ุฏุฑุฎูุงุณุช ุชุณุช API ุฏุฑุงูุช ุดุฏ
